14-Dec-2025 11:03:15.533 INFO [main] org.apache.catalina.startup.VersionLoggerListener.log Nom version serveur :              Apache Tomcat/10.1.48
14-Dec-2025 11:03:15.541 INFO [main] org.apache.catalina.startup.VersionLoggerListener.log Serveur compilé :                  Oct 10 2025 14:33:56 UTC
14-Dec-2025 11:03:15.541 INFO [main] org.apache.catalina.startup.VersionLoggerListener.log Version du serveur :               10.1.48.0
14-Dec-2025 11:03:15.542 INFO [main] org.apache.catalina.startup.VersionLoggerListener.log Nom de l'OS :                      Windows 10
14-Dec-2025 11:03:15.542 INFO [main] org.apache.catalina.startup.VersionLoggerListener.log Version OS :                       10.0
14-Dec-2025 11:03:15.542 INFO [main] org.apache.catalina.startup.VersionLoggerListener.log Architecture :                     amd64
14-Dec-2025 11:03:15.542 INFO [main] org.apache.catalina.startup.VersionLoggerListener.log Java Home :                        C:\Program Files\Java\jdk-17
14-Dec-2025 11:03:15.542 INFO [main] org.apache.catalina.startup.VersionLoggerListener.log Version JVM :                      17.0.8+9-LTS-211
14-Dec-2025 11:03:15.542 INFO [main] org.apache.catalina.startup.VersionLoggerListener.log Fournisseur de la JVM :            Oracle Corporation
14-Dec-2025 11:03:15.542 INFO [main] org.apache.catalina.startup.VersionLoggerListener.log CATALINA_BASE :                    D:\iit\java_avancé\servlet\servlet-jsp-gr3
14-Dec-2025 11:03:15.542 INFO [main] org.apache.catalina.startup.VersionLoggerListener.log CATALINA_HOME :                    D:\iit\java_avancé\servlet\apache-tomcat-10.1.48
14-Dec-2025 11:03:15.557 INFO [main] org.apache.catalina.startup.VersionLoggerListener.log Argument de la ligne de commande : --add-opens=java.base/java.lang=ALL-UNNAMED
14-Dec-2025 11:03:15.557 INFO [main] org.apache.catalina.startup.VersionLoggerListener.log Argument de la ligne de commande : --add-opens=java.base/java.io=ALL-UNNAMED
14-Dec-2025 11:03:15.557 INFO [main] org.apache.catalina.startup.VersionLoggerListener.log Argument de la ligne de commande : --add-opens=java.base/java.util=ALL-UNNAMED
14-Dec-2025 11:03:15.558 INFO [main] org.apache.catalina.startup.VersionLoggerListener.log Argument de la ligne de commande : --add-opens=java.base/java.util.concurrent=ALL-UNNAMED
14-Dec-2025 11:03:15.558 INFO [main] org.apache.catalina.startup.VersionLoggerListener.log Argument de la ligne de commande : --add-opens=java.rmi/sun.rmi.transport=ALL-UNNAMED
14-Dec-2025 11:03:15.558 INFO [main] org.apache.catalina.startup.VersionLoggerListener.log Argument de la ligne de commande : -Dcatalina.home=D:\iit\java_avancé\servlet\apache-tomcat-10.1.48
14-Dec-2025 11:03:15.558 INFO [main] org.apache.catalina.startup.VersionLoggerListener.log Argument de la ligne de commande : -Dcatalina.base=D:\iit\java_avancé\servlet\servlet-jsp-gr3
14-Dec-2025 11:03:15.558 INFO [main] org.apache.catalina.startup.VersionLoggerListener.log Argument de la ligne de commande : -Djava.io.tmpdir=D:\iit\java_avancé\servlet\servlet-jsp-gr3\temp
14-Dec-2025 11:03:15.560 INFO [main] org.apache.catalina.startup.VersionLoggerListener.log Argument de la ligne de commande : -Djava.util.logging.config.file=D:\iit\java_avancé\servlet\servlet-jsp-gr3\conf\logging.properties
14-Dec-2025 11:03:15.560 INFO [main] org.apache.catalina.startup.VersionLoggerListener.log Argument de la ligne de commande : -Djava.util.logging.manager=org.apache.juli.ClassLoaderLogManager
14-Dec-2025 11:03:15.560 INFO [main] org.apache.catalina.startup.VersionLoggerListener.log Argument de la ligne de commande : -javaagent:D:\dev\soa\Edi\IntelliJ IDEA Community Edition 2023.2\lib\idea_rt.jar=52335:D:\dev\soa\Edi\IntelliJ IDEA Community Edition 2023.2\bin
14-Dec-2025 11:03:15.560 INFO [main] org.apache.catalina.startup.VersionLoggerListener.log Argument de la ligne de commande : -Dfile.encoding=UTF-8
14-Dec-2025 11:03:15.565 INFO [main] org.apache.catalina.core.AprLifecycleListener.lifecycleEvent Chargement de la librairie Apache Tomcat Native [2.0.9] en utilisant APR version [1.7.6]
14-Dec-2025 11:03:15.574 INFO [main] org.apache.catalina.core.AprLifecycleListener.initializeSSL OpenSSL a été initialisé avec succès [OpenSSL 3.5.0 8 Apr 2025]
14-Dec-2025 11:03:15.995 INFO [main] org.apache.coyote.AbstractProtocol.init Initialisation du gestionnaire de protocole ["http-nio-8091"]
14-Dec-2025 11:03:16.034 INFO [main] org.apache.catalina.startup.Catalina.load L'initialisation du serveur a pris [865] millisecondes
14-Dec-2025 11:03:16.111 INFO [main] org.apache.catalina.core.StandardService.startInternal Démarrage du service [Catalina]
14-Dec-2025 11:03:16.111 INFO [main] org.apache.catalina.core.StandardEngine.startInternal Démarrage du moteur de Servlets : [Apache Tomcat/10.1.48]
14-Dec-2025 11:03:16.126 INFO [main] org.apache.catalina.startup.HostConfig.deployDescriptor Déploiement du descripteur de configuration [D:\iit\java_avancé\servlet\servlet-jsp-gr3\conf\Catalina\localhost\servlet-jsp-gr3.xml]
14-Dec-2025 11:03:17.877 INFO [main] org.apache.jasper.servlet.TldScanner.scanJars Au moins un fichier JAR a été analysé pour trouver des TLDs mais il n'en contenait pas, le mode "debug" du journal peut être activé pour obtenir une liste complète de JAR scannés sans succès ; éviter d'analyser des JARs inutilement peut améliorer sensiblement le temps de démarrage et le temps de compilation des JSPs
14-Dec-2025 11:03:18.020 INFO [main] org.apache.catalina.startup.HostConfig.deployDescriptor Le traitement du descripteur de déploiement [D:\iit\java_avancé\servlet\servlet-jsp-gr3\conf\Catalina\localhost\servlet-jsp-gr3.xml] a pris [1 892] ms
14-Dec-2025 11:03:18.029 INFO [main] org.apache.coyote.AbstractProtocol.start Démarrage du gestionnaire de protocole ["http-nio-8091"]
14-Dec-2025 11:03:18.091 INFO [main] org.apache.catalina.startup.Catalina.start Le démarrage du serveur a pris [2057] millisecondes
14-Dec-2025 11:28:36.221 INFO [Thread-1] org.apache.coyote.AbstractProtocol.pause Le gestionnaire de protocole ["http-nio-8091"] est mis en pause
14-Dec-2025 11:28:36.385 INFO [Thread-1] org.apache.catalina.core.StandardService.stopInternal Arrêt du service [Catalina]
14-Dec-2025 11:28:36.391 WARNING [Thread-1] org.apache.catalina.loader.WebappClassLoaderBase.clearReferencesJdbc L'application web [servlet-jsp-gr3] a enregistré un pilote JDBC [com.mysql.cj.jdbc.Driver], mais ne l'a pas désenregistré avant l'arrêt de l'application.  Pour éviter une fuite de mémoire, le pilote JDBC a été désenregistré de force.
14-Dec-2025 11:28:36.392 WARNING [Thread-1] org.apache.catalina.loader.WebappClassLoaderBase.clearReferencesThreads L'application web [servlet-jsp-gr3] semble avoir démarré un thread nommé [mysql-cj-abandoned-connection-cleanup] mais ne l'a pas arrêté, ce qui va probablement créer une fuite de mémoire ; la trace du thread est : 
 java.base@17.0.8/java.lang.Object.wait(Native Method)
 java.base@17.0.8/java.lang.ref.ReferenceQueue.remove(ReferenceQueue.java:155)
 com.mysql.cj.jdbc.AbandonedConnectionCleanupThread.run(AbandonedConnectionCleanupThread.java:93)
 java.base@17.0.8/java.util.concurrent.ThreadPoolExecutor.runWorker(ThreadPoolExecutor.java:1136)
 java.base@17.0.8/java.util.concurrent.ThreadPoolExecutor$Worker.run(ThreadPoolExecutor.java:635)
 java.base@17.0.8/java.lang.Thread.run(Thread.java:833)
14-Dec-2025 11:28:36.398 INFO [Thread-1] org.apache.coyote.AbstractProtocol.stop Arrêt du gestionnaire de protocole ["http-nio-8091"]
14-Dec-2025 11:28:36.416 INFO [Thread-1] org.apache.coyote.AbstractProtocol.destroy Destruction du gestionnaire de protocole ["http-nio-8091"]
14-Dec-2025 11:28:36.451 INFO [mysql-cj-abandoned-connection-cleanup] org.apache.catalina.loader.WebappClassLoaderBase.checkStateForResourceLoading Impossible de charger [], ce chargeur de classes a déjà été arrêté
	java.lang.IllegalStateException: Impossible de charger [], ce chargeur de classes a déjà été arrêté
		at org.apache.catalina.loader.WebappClassLoaderBase.checkStateForResourceLoading(WebappClassLoaderBase.java:1396)
		at org.apache.catalina.loader.WebappClassLoaderBase.getResource(WebappClassLoaderBase.java:984)
		at com.mysql.cj.jdbc.AbandonedConnectionCleanupThread.checkThreadContextClassLoader(AbandonedConnectionCleanupThread.java:125)
		at com.mysql.cj.jdbc.AbandonedConnectionCleanupThread.run(AbandonedConnectionCleanupThread.java:92)
		at java.base/java.util.concurrent.ThreadPoolExecutor.runWorker(ThreadPoolExecutor.java:1136)
		at java.base/java.util.concurrent.ThreadPoolExecutor$Worker.run(ThreadPoolExecutor.java:635)
		at java.base/java.lang.Thread.run(Thread.java:833)
14-Dec-2025 12:12:17.823 INFO [main] org.apache.catalina.startup.VersionLoggerListener.log Nom version serveur :              Apache Tomcat/10.1.48
14-Dec-2025 12:12:17.834 INFO [main] org.apache.catalina.startup.VersionLoggerListener.log Serveur compilé :                  Oct 10 2025 14:33:56 UTC
14-Dec-2025 12:12:17.835 INFO [main] org.apache.catalina.startup.VersionLoggerListener.log Version du serveur :               10.1.48.0
14-Dec-2025 12:12:17.836 INFO [main] org.apache.catalina.startup.VersionLoggerListener.log Nom de l'OS :                      Windows 10
14-Dec-2025 12:12:17.836 INFO [main] org.apache.catalina.startup.VersionLoggerListener.log Version OS :                       10.0
14-Dec-2025 12:12:17.837 INFO [main] org.apache.catalina.startup.VersionLoggerListener.log Architecture :                     amd64
14-Dec-2025 12:12:17.838 INFO [main] org.apache.catalina.startup.VersionLoggerListener.log Java Home :                        C:\Program Files\Java\jdk-17
14-Dec-2025 12:12:17.838 INFO [main] org.apache.catalina.startup.VersionLoggerListener.log Version JVM :                      17.0.8+9-LTS-211
14-Dec-2025 12:12:17.839 INFO [main] org.apache.catalina.startup.VersionLoggerListener.log Fournisseur de la JVM :            Oracle Corporation
14-Dec-2025 12:12:17.839 INFO [main] org.apache.catalina.startup.VersionLoggerListener.log CATALINA_BASE :                    D:\iit\java_avancé\servlet\servlet-jsp-gr3
14-Dec-2025 12:12:17.840 INFO [main] org.apache.catalina.startup.VersionLoggerListener.log CATALINA_HOME :                    D:\iit\java_avancé\servlet\apache-tomcat-10.1.48
14-Dec-2025 12:12:17.864 INFO [main] org.apache.catalina.startup.VersionLoggerListener.log Argument de la ligne de commande : --add-opens=java.base/java.lang=ALL-UNNAMED
14-Dec-2025 12:12:17.865 INFO [main] org.apache.catalina.startup.VersionLoggerListener.log Argument de la ligne de commande : --add-opens=java.base/java.io=ALL-UNNAMED
14-Dec-2025 12:12:17.865 INFO [main] org.apache.catalina.startup.VersionLoggerListener.log Argument de la ligne de commande : --add-opens=java.base/java.util=ALL-UNNAMED
14-Dec-2025 12:12:17.866 INFO [main] org.apache.catalina.startup.VersionLoggerListener.log Argument de la ligne de commande : --add-opens=java.base/java.util.concurrent=ALL-UNNAMED
14-Dec-2025 12:12:17.866 INFO [main] org.apache.catalina.startup.VersionLoggerListener.log Argument de la ligne de commande : --add-opens=java.rmi/sun.rmi.transport=ALL-UNNAMED
14-Dec-2025 12:12:17.866 INFO [main] org.apache.catalina.startup.VersionLoggerListener.log Argument de la ligne de commande : -Dcatalina.home=D:\iit\java_avancé\servlet\apache-tomcat-10.1.48
14-Dec-2025 12:12:17.867 INFO [main] org.apache.catalina.startup.VersionLoggerListener.log Argument de la ligne de commande : -Dcatalina.base=D:\iit\java_avancé\servlet\servlet-jsp-gr3
14-Dec-2025 12:12:17.867 INFO [main] org.apache.catalina.startup.VersionLoggerListener.log Argument de la ligne de commande : -Djava.io.tmpdir=D:\iit\java_avancé\servlet\servlet-jsp-gr3\temp
14-Dec-2025 12:12:17.867 INFO [main] org.apache.catalina.startup.VersionLoggerListener.log Argument de la ligne de commande : -Djava.util.logging.config.file=D:\iit\java_avancé\servlet\servlet-jsp-gr3\conf\logging.properties
14-Dec-2025 12:12:17.868 INFO [main] org.apache.catalina.startup.VersionLoggerListener.log Argument de la ligne de commande : -Djava.util.logging.manager=org.apache.juli.ClassLoaderLogManager
14-Dec-2025 12:12:17.868 INFO [main] org.apache.catalina.startup.VersionLoggerListener.log Argument de la ligne de commande : -javaagent:D:\dev\soa\Edi\IntelliJ IDEA Community Edition 2023.2\lib\idea_rt.jar=54343:D:\dev\soa\Edi\IntelliJ IDEA Community Edition 2023.2\bin
14-Dec-2025 12:12:17.869 INFO [main] org.apache.catalina.startup.VersionLoggerListener.log Argument de la ligne de commande : -Dfile.encoding=UTF-8
14-Dec-2025 12:12:17.973 INFO [main] org.apache.catalina.core.AprLifecycleListener.lifecycleEvent Chargement de la librairie Apache Tomcat Native [2.0.9] en utilisant APR version [1.7.6]
14-Dec-2025 12:12:17.986 INFO [main] org.apache.catalina.core.AprLifecycleListener.initializeSSL OpenSSL a été initialisé avec succès [OpenSSL 3.5.0 8 Apr 2025]
14-Dec-2025 12:12:18.442 INFO [main] org.apache.coyote.AbstractProtocol.init Initialisation du gestionnaire de protocole ["http-nio-8091"]
14-Dec-2025 12:12:18.472 INFO [main] org.apache.catalina.startup.Catalina.load L'initialisation du serveur a pris [1138] millisecondes
14-Dec-2025 12:12:18.550 INFO [main] org.apache.catalina.core.StandardService.startInternal Démarrage du service [Catalina]
14-Dec-2025 12:12:18.550 INFO [main] org.apache.catalina.core.StandardEngine.startInternal Démarrage du moteur de Servlets : [Apache Tomcat/10.1.48]
14-Dec-2025 12:12:18.564 INFO [main] org.apache.catalina.startup.HostConfig.deployDescriptor Déploiement du descripteur de configuration [D:\iit\java_avancé\servlet\servlet-jsp-gr3\conf\Catalina\localhost\servlet-jsp-gr3.xml]
14-Dec-2025 12:12:20.525 INFO [main] org.apache.jasper.servlet.TldScanner.scanJars Au moins un fichier JAR a été analysé pour trouver des TLDs mais il n'en contenait pas, le mode "debug" du journal peut être activé pour obtenir une liste complète de JAR scannés sans succès ; éviter d'analyser des JARs inutilement peut améliorer sensiblement le temps de démarrage et le temps de compilation des JSPs
14-Dec-2025 12:12:20.756 INFO [main] org.apache.catalina.startup.HostConfig.deployDescriptor Le traitement du descripteur de déploiement [D:\iit\java_avancé\servlet\servlet-jsp-gr3\conf\Catalina\localhost\servlet-jsp-gr3.xml] a pris [2 184] ms
14-Dec-2025 12:12:20.772 INFO [main] org.apache.coyote.AbstractProtocol.start Démarrage du gestionnaire de protocole ["http-nio-8091"]
14-Dec-2025 12:12:20.863 INFO [main] org.apache.catalina.startup.Catalina.start Le démarrage du serveur a pris [2390] millisecondes
14-Dec-2025 12:13:07.684 INFO [Thread-1] org.apache.coyote.AbstractProtocol.pause Le gestionnaire de protocole ["http-nio-8091"] est mis en pause
14-Dec-2025 12:13:07.968 INFO [Thread-1] org.apache.catalina.core.StandardService.stopInternal Arrêt du service [Catalina]
14-Dec-2025 12:13:07.980 WARNING [Thread-1] org.apache.catalina.loader.WebappClassLoaderBase.clearReferencesJdbc L'application web [servlet-jsp-gr3] a enregistré un pilote JDBC [com.mysql.cj.jdbc.Driver], mais ne l'a pas désenregistré avant l'arrêt de l'application.  Pour éviter une fuite de mémoire, le pilote JDBC a été désenregistré de force.
14-Dec-2025 12:13:07.981 WARNING [Thread-1] org.apache.catalina.loader.WebappClassLoaderBase.clearReferencesThreads L'application web [servlet-jsp-gr3] semble avoir démarré un thread nommé [mysql-cj-abandoned-connection-cleanup] mais ne l'a pas arrêté, ce qui va probablement créer une fuite de mémoire ; la trace du thread est : 
 java.base@17.0.8/java.lang.Object.wait(Native Method)
 java.base@17.0.8/java.lang.ref.ReferenceQueue.remove(ReferenceQueue.java:155)
 com.mysql.cj.jdbc.AbandonedConnectionCleanupThread.run(AbandonedConnectionCleanupThread.java:93)
 java.base@17.0.8/java.util.concurrent.ThreadPoolExecutor.runWorker(ThreadPoolExecutor.java:1136)
 java.base@17.0.8/java.util.concurrent.ThreadPoolExecutor$Worker.run(ThreadPoolExecutor.java:635)
 java.base@17.0.8/java.lang.Thread.run(Thread.java:833)
14-Dec-2025 12:13:07.990 INFO [Thread-1] org.apache.coyote.AbstractProtocol.stop Arrêt du gestionnaire de protocole ["http-nio-8091"]
14-Dec-2025 12:13:08.010 INFO [Thread-1] org.apache.coyote.AbstractProtocol.destroy Destruction du gestionnaire de protocole ["http-nio-8091"]
14-Dec-2025 12:13:14.279 INFO [main] org.apache.catalina.startup.VersionLoggerListener.log Nom version serveur :              Apache Tomcat/10.1.48
14-Dec-2025 12:13:14.287 INFO [main] org.apache.catalina.startup.VersionLoggerListener.log Serveur compilé :                  Oct 10 2025 14:33:56 UTC
14-Dec-2025 12:13:14.288 INFO [main] org.apache.catalina.startup.VersionLoggerListener.log Version du serveur :               10.1.48.0
14-Dec-2025 12:13:14.288 INFO [main] org.apache.catalina.startup.VersionLoggerListener.log Nom de l'OS :                      Windows 10
14-Dec-2025 12:13:14.288 INFO [main] org.apache.catalina.startup.VersionLoggerListener.log Version OS :                       10.0
14-Dec-2025 12:13:14.288 INFO [main] org.apache.catalina.startup.VersionLoggerListener.log Architecture :                     amd64
14-Dec-2025 12:13:14.288 INFO [main] org.apache.catalina.startup.VersionLoggerListener.log Java Home :                        C:\Program Files\Java\jdk-17
14-Dec-2025 12:13:14.289 INFO [main] org.apache.catalina.startup.VersionLoggerListener.log Version JVM :                      17.0.8+9-LTS-211
14-Dec-2025 12:13:14.289 INFO [main] org.apache.catalina.startup.VersionLoggerListener.log Fournisseur de la JVM :            Oracle Corporation
14-Dec-2025 12:13:14.289 INFO [main] org.apache.catalina.startup.VersionLoggerListener.log CATALINA_BASE :                    D:\iit\java_avancé\servlet\servlet-jsp-gr3
14-Dec-2025 12:13:14.290 INFO [main] org.apache.catalina.startup.VersionLoggerListener.log CATALINA_HOME :                    D:\iit\java_avancé\servlet\apache-tomcat-10.1.48
14-Dec-2025 12:13:14.311 INFO [main] org.apache.catalina.startup.VersionLoggerListener.log Argument de la ligne de commande : --add-opens=java.base/java.lang=ALL-UNNAMED
14-Dec-2025 12:13:14.311 INFO [main] org.apache.catalina.startup.VersionLoggerListener.log Argument de la ligne de commande : --add-opens=java.base/java.io=ALL-UNNAMED
14-Dec-2025 12:13:14.312 INFO [main] org.apache.catalina.startup.VersionLoggerListener.log Argument de la ligne de commande : --add-opens=java.base/java.util=ALL-UNNAMED
14-Dec-2025 12:13:14.312 INFO [main] org.apache.catalina.startup.VersionLoggerListener.log Argument de la ligne de commande : --add-opens=java.base/java.util.concurrent=ALL-UNNAMED
14-Dec-2025 12:13:14.312 INFO [main] org.apache.catalina.startup.VersionLoggerListener.log Argument de la ligne de commande : --add-opens=java.rmi/sun.rmi.transport=ALL-UNNAMED
14-Dec-2025 12:13:14.313 INFO [main] org.apache.catalina.startup.VersionLoggerListener.log Argument de la ligne de commande : -Dcatalina.home=D:\iit\java_avancé\servlet\apache-tomcat-10.1.48
14-Dec-2025 12:13:14.314 INFO [main] org.apache.catalina.startup.VersionLoggerListener.log Argument de la ligne de commande : -Dcatalina.base=D:\iit\java_avancé\servlet\servlet-jsp-gr3
14-Dec-2025 12:13:14.314 INFO [main] org.apache.catalina.startup.VersionLoggerListener.log Argument de la ligne de commande : -Djava.io.tmpdir=D:\iit\java_avancé\servlet\servlet-jsp-gr3\temp
14-Dec-2025 12:13:14.314 INFO [main] org.apache.catalina.startup.VersionLoggerListener.log Argument de la ligne de commande : -Djava.util.logging.config.file=D:\iit\java_avancé\servlet\servlet-jsp-gr3\conf\logging.properties
14-Dec-2025 12:13:14.315 INFO [main] org.apache.catalina.startup.VersionLoggerListener.log Argument de la ligne de commande : -Djava.util.logging.manager=org.apache.juli.ClassLoaderLogManager
14-Dec-2025 12:13:14.315 INFO [main] org.apache.catalina.startup.VersionLoggerListener.log Argument de la ligne de commande : -javaagent:D:\dev\soa\Edi\IntelliJ IDEA Community Edition 2023.2\lib\idea_rt.jar=54426:D:\dev\soa\Edi\IntelliJ IDEA Community Edition 2023.2\bin
14-Dec-2025 12:13:14.316 INFO [main] org.apache.catalina.startup.VersionLoggerListener.log Argument de la ligne de commande : -Dfile.encoding=UTF-8
14-Dec-2025 12:13:14.321 INFO [main] org.apache.catalina.core.AprLifecycleListener.lifecycleEvent Chargement de la librairie Apache Tomcat Native [2.0.9] en utilisant APR version [1.7.6]
14-Dec-2025 12:13:14.334 INFO [main] org.apache.catalina.core.AprLifecycleListener.initializeSSL OpenSSL a été initialisé avec succès [OpenSSL 3.5.0 8 Apr 2025]
14-Dec-2025 12:13:15.051 INFO [main] org.apache.coyote.AbstractProtocol.init Initialisation du gestionnaire de protocole ["http-nio-8091"]
14-Dec-2025 12:13:15.111 INFO [main] org.apache.catalina.startup.Catalina.load L'initialisation du serveur a pris [1428] millisecondes
14-Dec-2025 12:13:15.219 INFO [main] org.apache.catalina.core.StandardService.startInternal Démarrage du service [Catalina]
14-Dec-2025 12:13:15.220 INFO [main] org.apache.catalina.core.StandardEngine.startInternal Démarrage du moteur de Servlets : [Apache Tomcat/10.1.48]
14-Dec-2025 12:13:15.240 INFO [main] org.apache.catalina.startup.HostConfig.deployDescriptor Déploiement du descripteur de configuration [D:\iit\java_avancé\servlet\servlet-jsp-gr3\conf\Catalina\localhost\servlet-jsp-gr3.xml]
14-Dec-2025 12:13:17.452 INFO [main] org.apache.jasper.servlet.TldScanner.scanJars Au moins un fichier JAR a été analysé pour trouver des TLDs mais il n'en contenait pas, le mode "debug" du journal peut être activé pour obtenir une liste complète de JAR scannés sans succès ; éviter d'analyser des JARs inutilement peut améliorer sensiblement le temps de démarrage et le temps de compilation des JSPs
14-Dec-2025 12:13:17.814 WARNING [main] org.apache.catalina.util.SessionIdGeneratorBase.createSecureRandom La création de l'instance de SecureRandom pour le générateur d'id de session en utilisant [SHA1PRNG] a pris [249] millisecondes
14-Dec-2025 12:13:17.913 INFO [main] org.apache.catalina.startup.HostConfig.deployDescriptor Le traitement du descripteur de déploiement [D:\iit\java_avancé\servlet\servlet-jsp-gr3\conf\Catalina\localhost\servlet-jsp-gr3.xml] a pris [2 672] ms
14-Dec-2025 12:13:17.930 INFO [main] org.apache.coyote.AbstractProtocol.start Démarrage du gestionnaire de protocole ["http-nio-8091"]
14-Dec-2025 12:13:18.056 INFO [main] org.apache.catalina.startup.Catalina.start Le démarrage du serveur a pris [2944] millisecondes
