01-Dec-2025 21:56:51.130 INFO [Thread-1] org.apache.coyote.AbstractProtocol.pause Le gestionnaire de protocole ["http-nio-8091"] est mis en pause
01-Dec-2025 21:56:51.280 INFO [Thread-1] org.apache.catalina.core.StandardService.stopInternal Arrêt du service [Catalina]
01-Dec-2025 21:56:51.288 INFO [Thread-1] org.apache.coyote.AbstractProtocol.stop Arrêt du gestionnaire de protocole ["http-nio-8091"]
01-Dec-2025 21:56:51.293 INFO [Thread-1] org.apache.coyote.AbstractProtocol.destroy Destruction du gestionnaire de protocole ["http-nio-8091"]
01-Dec-2025 21:56:55.895 INFO [main] org.apache.catalina.startup.VersionLoggerListener.log Nom version serveur :              Apache Tomcat/10.1.48
01-Dec-2025 21:56:55.908 INFO [main] org.apache.catalina.startup.VersionLoggerListener.log Serveur compilé :                  Oct 10 2025 14:33:56 UTC
01-Dec-2025 21:56:55.908 INFO [main] org.apache.catalina.startup.VersionLoggerListener.log Version du serveur :               10.1.48.0
01-Dec-2025 21:56:55.909 INFO [main] org.apache.catalina.startup.VersionLoggerListener.log Nom de l'OS :                      Windows 10
01-Dec-2025 21:56:55.909 INFO [main] org.apache.catalina.startup.VersionLoggerListener.log Version OS :                       10.0
01-Dec-2025 21:56:55.909 INFO [main] org.apache.catalina.startup.VersionLoggerListener.log Architecture :                     amd64
01-Dec-2025 21:56:55.910 INFO [main] org.apache.catalina.startup.VersionLoggerListener.log Java Home :                        C:\Program Files\Java\jdk-17
01-Dec-2025 21:56:55.910 INFO [main] org.apache.catalina.startup.VersionLoggerListener.log Version JVM :                      17.0.8+9-LTS-211
01-Dec-2025 21:56:55.910 INFO [main] org.apache.catalina.startup.VersionLoggerListener.log Fournisseur de la JVM :            Oracle Corporation
01-Dec-2025 21:56:55.910 INFO [main] org.apache.catalina.startup.VersionLoggerListener.log CATALINA_BASE :                    D:\iit\java_avancé\servlet\servlet-jsp-gr3
01-Dec-2025 21:56:55.911 INFO [main] org.apache.catalina.startup.VersionLoggerListener.log CATALINA_HOME :                    D:\iit\java_avancé\servlet\apache-tomcat-10.1.48
01-Dec-2025 21:56:55.956 INFO [main] org.apache.catalina.startup.VersionLoggerListener.log Argument de la ligne de commande : --add-opens=java.base/java.lang=ALL-UNNAMED
01-Dec-2025 21:56:55.956 INFO [main] org.apache.catalina.startup.VersionLoggerListener.log Argument de la ligne de commande : --add-opens=java.base/java.io=ALL-UNNAMED
01-Dec-2025 21:56:55.956 INFO [main] org.apache.catalina.startup.VersionLoggerListener.log Argument de la ligne de commande : --add-opens=java.base/java.util=ALL-UNNAMED
01-Dec-2025 21:56:55.956 INFO [main] org.apache.catalina.startup.VersionLoggerListener.log Argument de la ligne de commande : --add-opens=java.base/java.util.concurrent=ALL-UNNAMED
01-Dec-2025 21:56:55.957 INFO [main] org.apache.catalina.startup.VersionLoggerListener.log Argument de la ligne de commande : --add-opens=java.rmi/sun.rmi.transport=ALL-UNNAMED
01-Dec-2025 21:56:55.957 INFO [main] org.apache.catalina.startup.VersionLoggerListener.log Argument de la ligne de commande : -Dcatalina.home=D:\iit\java_avancé\servlet\apache-tomcat-10.1.48
01-Dec-2025 21:56:55.957 INFO [main] org.apache.catalina.startup.VersionLoggerListener.log Argument de la ligne de commande : -Dcatalina.base=D:\iit\java_avancé\servlet\servlet-jsp-gr3
01-Dec-2025 21:56:55.957 INFO [main] org.apache.catalina.startup.VersionLoggerListener.log Argument de la ligne de commande : -Djava.io.tmpdir=D:\iit\java_avancé\servlet\servlet-jsp-gr3\temp
01-Dec-2025 21:56:55.960 INFO [main] org.apache.catalina.startup.VersionLoggerListener.log Argument de la ligne de commande : -Djava.util.logging.config.file=D:\iit\java_avancé\servlet\servlet-jsp-gr3\conf\logging.properties
01-Dec-2025 21:56:55.961 INFO [main] org.apache.catalina.startup.VersionLoggerListener.log Argument de la ligne de commande : -Djava.util.logging.manager=org.apache.juli.ClassLoaderLogManager
01-Dec-2025 21:56:55.961 INFO [main] org.apache.catalina.startup.VersionLoggerListener.log Argument de la ligne de commande : -javaagent:D:\dev\soa\Edi\IntelliJ IDEA Community Edition 2023.2\lib\idea_rt.jar=62131:D:\dev\soa\Edi\IntelliJ IDEA Community Edition 2023.2\bin
01-Dec-2025 21:56:55.963 INFO [main] org.apache.catalina.startup.VersionLoggerListener.log Argument de la ligne de commande : -Dfile.encoding=UTF-8
01-Dec-2025 21:56:55.982 INFO [main] org.apache.catalina.core.AprLifecycleListener.lifecycleEvent Chargement de la librairie Apache Tomcat Native [2.0.9] en utilisant APR version [1.7.6]
01-Dec-2025 21:56:55.999 INFO [main] org.apache.catalina.core.AprLifecycleListener.initializeSSL OpenSSL a été initialisé avec succès [OpenSSL 3.5.0 8 Apr 2025]
01-Dec-2025 21:56:56.653 INFO [main] org.apache.coyote.AbstractProtocol.init Initialisation du gestionnaire de protocole ["http-nio-8091"]
01-Dec-2025 21:56:56.693 INFO [main] org.apache.catalina.startup.Catalina.load L'initialisation du serveur a pris [1275] millisecondes
01-Dec-2025 21:56:56.779 INFO [main] org.apache.catalina.core.StandardService.startInternal Démarrage du service [Catalina]
01-Dec-2025 21:56:56.779 INFO [main] org.apache.catalina.core.StandardEngine.startInternal Démarrage du moteur de Servlets : [Apache Tomcat/10.1.48]
01-Dec-2025 21:56:56.796 INFO [main] org.apache.catalina.startup.HostConfig.deployDescriptor Déploiement du descripteur de configuration [D:\iit\java_avancé\servlet\servlet-jsp-gr3\conf\Catalina\localhost\servlet-jsp-gr3.xml]
01-Dec-2025 21:56:58.110 INFO [main] org.apache.jasper.servlet.TldScanner.scanJars Au moins un fichier JAR a été analysé pour trouver des TLDs mais il n'en contenait pas, le mode "debug" du journal peut être activé pour obtenir une liste complète de JAR scannés sans succès ; éviter d'analyser des JARs inutilement peut améliorer sensiblement le temps de démarrage et le temps de compilation des JSPs
01-Dec-2025 21:56:58.257 INFO [main] org.apache.catalina.startup.HostConfig.deployDescriptor Le traitement du descripteur de déploiement [D:\iit\java_avancé\servlet\servlet-jsp-gr3\conf\Catalina\localhost\servlet-jsp-gr3.xml] a pris [1 456] ms
01-Dec-2025 21:56:58.264 INFO [main] org.apache.coyote.AbstractProtocol.start Démarrage du gestionnaire de protocole ["http-nio-8091"]
01-Dec-2025 21:56:58.306 INFO [main] org.apache.catalina.startup.Catalina.start Le démarrage du serveur a pris [1612] millisecondes
01-Dec-2025 21:57:59.530 INFO [Thread-1] org.apache.coyote.AbstractProtocol.pause Le gestionnaire de protocole ["http-nio-8091"] est mis en pause
01-Dec-2025 21:57:59.795 INFO [Thread-1] org.apache.catalina.core.StandardService.stopInternal Arrêt du service [Catalina]
01-Dec-2025 21:57:59.807 INFO [Thread-1] org.apache.coyote.AbstractProtocol.stop Arrêt du gestionnaire de protocole ["http-nio-8091"]
01-Dec-2025 21:57:59.836 INFO [Thread-1] org.apache.coyote.AbstractProtocol.destroy Destruction du gestionnaire de protocole ["http-nio-8091"]
01-Dec-2025 21:58:04.191 INFO [main] org.apache.catalina.startup.VersionLoggerListener.log Nom version serveur :              Apache Tomcat/10.1.48
01-Dec-2025 21:58:04.201 INFO [main] org.apache.catalina.startup.VersionLoggerListener.log Serveur compilé :                  Oct 10 2025 14:33:56 UTC
01-Dec-2025 21:58:04.202 INFO [main] org.apache.catalina.startup.VersionLoggerListener.log Version du serveur :               10.1.48.0
01-Dec-2025 21:58:04.202 INFO [main] org.apache.catalina.startup.VersionLoggerListener.log Nom de l'OS :                      Windows 10
01-Dec-2025 21:58:04.202 INFO [main] org.apache.catalina.startup.VersionLoggerListener.log Version OS :                       10.0
01-Dec-2025 21:58:04.203 INFO [main] org.apache.catalina.startup.VersionLoggerListener.log Architecture :                     amd64
01-Dec-2025 21:58:04.203 INFO [main] org.apache.catalina.startup.VersionLoggerListener.log Java Home :                        C:\Program Files\Java\jdk-17
01-Dec-2025 21:58:04.203 INFO [main] org.apache.catalina.startup.VersionLoggerListener.log Version JVM :                      17.0.8+9-LTS-211
01-Dec-2025 21:58:04.203 INFO [main] org.apache.catalina.startup.VersionLoggerListener.log Fournisseur de la JVM :            Oracle Corporation
01-Dec-2025 21:58:04.204 INFO [main] org.apache.catalina.startup.VersionLoggerListener.log CATALINA_BASE :                    D:\iit\java_avancé\servlet\servlet-jsp-gr3
01-Dec-2025 21:58:04.204 INFO [main] org.apache.catalina.startup.VersionLoggerListener.log CATALINA_HOME :                    D:\iit\java_avancé\servlet\apache-tomcat-10.1.48
01-Dec-2025 21:58:04.219 INFO [main] org.apache.catalina.startup.VersionLoggerListener.log Argument de la ligne de commande : --add-opens=java.base/java.lang=ALL-UNNAMED
01-Dec-2025 21:58:04.219 INFO [main] org.apache.catalina.startup.VersionLoggerListener.log Argument de la ligne de commande : --add-opens=java.base/java.io=ALL-UNNAMED
01-Dec-2025 21:58:04.220 INFO [main] org.apache.catalina.startup.VersionLoggerListener.log Argument de la ligne de commande : --add-opens=java.base/java.util=ALL-UNNAMED
01-Dec-2025 21:58:04.220 INFO [main] org.apache.catalina.startup.VersionLoggerListener.log Argument de la ligne de commande : --add-opens=java.base/java.util.concurrent=ALL-UNNAMED
01-Dec-2025 21:58:04.220 INFO [main] org.apache.catalina.startup.VersionLoggerListener.log Argument de la ligne de commande : --add-opens=java.rmi/sun.rmi.transport=ALL-UNNAMED
01-Dec-2025 21:58:04.220 INFO [main] org.apache.catalina.startup.VersionLoggerListener.log Argument de la ligne de commande : -Dcatalina.home=D:\iit\java_avancé\servlet\apache-tomcat-10.1.48
01-Dec-2025 21:58:04.220 INFO [main] org.apache.catalina.startup.VersionLoggerListener.log Argument de la ligne de commande : -Dcatalina.base=D:\iit\java_avancé\servlet\servlet-jsp-gr3
01-Dec-2025 21:58:04.221 INFO [main] org.apache.catalina.startup.VersionLoggerListener.log Argument de la ligne de commande : -Djava.io.tmpdir=D:\iit\java_avancé\servlet\servlet-jsp-gr3\temp
01-Dec-2025 21:58:04.221 INFO [main] org.apache.catalina.startup.VersionLoggerListener.log Argument de la ligne de commande : -Djava.util.logging.config.file=D:\iit\java_avancé\servlet\servlet-jsp-gr3\conf\logging.properties
01-Dec-2025 21:58:04.221 INFO [main] org.apache.catalina.startup.VersionLoggerListener.log Argument de la ligne de commande : -Djava.util.logging.manager=org.apache.juli.ClassLoaderLogManager
01-Dec-2025 21:58:04.221 INFO [main] org.apache.catalina.startup.VersionLoggerListener.log Argument de la ligne de commande : -javaagent:D:\dev\soa\Edi\IntelliJ IDEA Community Edition 2023.2\lib\idea_rt.jar=62159:D:\dev\soa\Edi\IntelliJ IDEA Community Edition 2023.2\bin
01-Dec-2025 21:58:04.221 INFO [main] org.apache.catalina.startup.VersionLoggerListener.log Argument de la ligne de commande : -Dfile.encoding=UTF-8
01-Dec-2025 21:58:04.226 INFO [main] org.apache.catalina.core.AprLifecycleListener.lifecycleEvent Chargement de la librairie Apache Tomcat Native [2.0.9] en utilisant APR version [1.7.6]
01-Dec-2025 21:58:04.236 INFO [main] org.apache.catalina.core.AprLifecycleListener.initializeSSL OpenSSL a été initialisé avec succès [OpenSSL 3.5.0 8 Apr 2025]
01-Dec-2025 21:58:04.803 INFO [main] org.apache.coyote.AbstractProtocol.init Initialisation du gestionnaire de protocole ["http-nio-8091"]
01-Dec-2025 21:58:04.844 INFO [main] org.apache.catalina.startup.Catalina.load L'initialisation du serveur a pris [1106] millisecondes
01-Dec-2025 21:58:04.964 INFO [main] org.apache.catalina.core.StandardService.startInternal Démarrage du service [Catalina]
01-Dec-2025 21:58:04.965 INFO [main] org.apache.catalina.core.StandardEngine.startInternal Démarrage du moteur de Servlets : [Apache Tomcat/10.1.48]
01-Dec-2025 21:58:04.982 INFO [main] org.apache.catalina.startup.HostConfig.deployDescriptor Déploiement du descripteur de configuration [D:\iit\java_avancé\servlet\servlet-jsp-gr3\conf\Catalina\localhost\servlet-jsp-gr3.xml]
01-Dec-2025 21:58:06.432 INFO [main] org.apache.jasper.servlet.TldScanner.scanJars Au moins un fichier JAR a été analysé pour trouver des TLDs mais il n'en contenait pas, le mode "debug" du journal peut être activé pour obtenir une liste complète de JAR scannés sans succès ; éviter d'analyser des JARs inutilement peut améliorer sensiblement le temps de démarrage et le temps de compilation des JSPs
01-Dec-2025 21:58:06.581 INFO [main] org.apache.catalina.startup.HostConfig.deployDescriptor Le traitement du descripteur de déploiement [D:\iit\java_avancé\servlet\servlet-jsp-gr3\conf\Catalina\localhost\servlet-jsp-gr3.xml] a pris [1 594] ms
01-Dec-2025 21:58:06.590 INFO [main] org.apache.coyote.AbstractProtocol.start Démarrage du gestionnaire de protocole ["http-nio-8091"]
01-Dec-2025 21:58:06.636 INFO [main] org.apache.catalina.startup.Catalina.start Le démarrage du serveur a pris [1790] millisecondes
01-Dec-2025 21:59:40.682 INFO [Thread-1] org.apache.coyote.AbstractProtocol.pause Le gestionnaire de protocole ["http-nio-8091"] est mis en pause
01-Dec-2025 21:59:40.933 INFO [Thread-1] org.apache.catalina.core.StandardService.stopInternal Arrêt du service [Catalina]
01-Dec-2025 21:59:40.945 INFO [Thread-1] org.apache.coyote.AbstractProtocol.stop Arrêt du gestionnaire de protocole ["http-nio-8091"]
01-Dec-2025 21:59:40.969 INFO [Thread-1] org.apache.coyote.AbstractProtocol.destroy Destruction du gestionnaire de protocole ["http-nio-8091"]
01-Dec-2025 21:59:44.005 INFO [main] org.apache.catalina.startup.VersionLoggerListener.log Nom version serveur :              Apache Tomcat/10.1.48
01-Dec-2025 21:59:44.019 INFO [main] org.apache.catalina.startup.VersionLoggerListener.log Serveur compilé :                  Oct 10 2025 14:33:56 UTC
01-Dec-2025 21:59:44.020 INFO [main] org.apache.catalina.startup.VersionLoggerListener.log Version du serveur :               10.1.48.0
01-Dec-2025 21:59:44.020 INFO [main] org.apache.catalina.startup.VersionLoggerListener.log Nom de l'OS :                      Windows 10
01-Dec-2025 21:59:44.021 INFO [main] org.apache.catalina.startup.VersionLoggerListener.log Version OS :                       10.0
01-Dec-2025 21:59:44.021 INFO [main] org.apache.catalina.startup.VersionLoggerListener.log Architecture :                     amd64
01-Dec-2025 21:59:44.022 INFO [main] org.apache.catalina.startup.VersionLoggerListener.log Java Home :                        C:\Program Files\Java\jdk-17
01-Dec-2025 21:59:44.022 INFO [main] org.apache.catalina.startup.VersionLoggerListener.log Version JVM :                      17.0.8+9-LTS-211
01-Dec-2025 21:59:44.023 INFO [main] org.apache.catalina.startup.VersionLoggerListener.log Fournisseur de la JVM :            Oracle Corporation
01-Dec-2025 21:59:44.023 INFO [main] org.apache.catalina.startup.VersionLoggerListener.log CATALINA_BASE :                    D:\iit\java_avancé\servlet\servlet-jsp-gr3
01-Dec-2025 21:59:44.024 INFO [main] org.apache.catalina.startup.VersionLoggerListener.log CATALINA_HOME :                    D:\iit\java_avancé\servlet\apache-tomcat-10.1.48
01-Dec-2025 21:59:44.046 INFO [main] org.apache.catalina.startup.VersionLoggerListener.log Argument de la ligne de commande : --add-opens=java.base/java.lang=ALL-UNNAMED
01-Dec-2025 21:59:44.046 INFO [main] org.apache.catalina.startup.VersionLoggerListener.log Argument de la ligne de commande : --add-opens=java.base/java.io=ALL-UNNAMED
01-Dec-2025 21:59:44.047 INFO [main] org.apache.catalina.startup.VersionLoggerListener.log Argument de la ligne de commande : --add-opens=java.base/java.util=ALL-UNNAMED
01-Dec-2025 21:59:44.047 INFO [main] org.apache.catalina.startup.VersionLoggerListener.log Argument de la ligne de commande : --add-opens=java.base/java.util.concurrent=ALL-UNNAMED
01-Dec-2025 21:59:44.047 INFO [main] org.apache.catalina.startup.VersionLoggerListener.log Argument de la ligne de commande : --add-opens=java.rmi/sun.rmi.transport=ALL-UNNAMED
01-Dec-2025 21:59:44.048 INFO [main] org.apache.catalina.startup.VersionLoggerListener.log Argument de la ligne de commande : -Dcatalina.home=D:\iit\java_avancé\servlet\apache-tomcat-10.1.48
01-Dec-2025 21:59:44.048 INFO [main] org.apache.catalina.startup.VersionLoggerListener.log Argument de la ligne de commande : -Dcatalina.base=D:\iit\java_avancé\servlet\servlet-jsp-gr3
01-Dec-2025 21:59:44.049 INFO [main] org.apache.catalina.startup.VersionLoggerListener.log Argument de la ligne de commande : -Djava.io.tmpdir=D:\iit\java_avancé\servlet\servlet-jsp-gr3\temp
01-Dec-2025 21:59:44.049 INFO [main] org.apache.catalina.startup.VersionLoggerListener.log Argument de la ligne de commande : -Djava.util.logging.config.file=D:\iit\java_avancé\servlet\servlet-jsp-gr3\conf\logging.properties
01-Dec-2025 21:59:44.050 INFO [main] org.apache.catalina.startup.VersionLoggerListener.log Argument de la ligne de commande : -Djava.util.logging.manager=org.apache.juli.ClassLoaderLogManager
01-Dec-2025 21:59:44.050 INFO [main] org.apache.catalina.startup.VersionLoggerListener.log Argument de la ligne de commande : -javaagent:D:\dev\soa\Edi\IntelliJ IDEA Community Edition 2023.2\lib\idea_rt.jar=62180:D:\dev\soa\Edi\IntelliJ IDEA Community Edition 2023.2\bin
01-Dec-2025 21:59:44.050 INFO [main] org.apache.catalina.startup.VersionLoggerListener.log Argument de la ligne de commande : -Dfile.encoding=UTF-8
01-Dec-2025 21:59:44.056 INFO [main] org.apache.catalina.core.AprLifecycleListener.lifecycleEvent Chargement de la librairie Apache Tomcat Native [2.0.9] en utilisant APR version [1.7.6]
01-Dec-2025 21:59:44.070 INFO [main] org.apache.catalina.core.AprLifecycleListener.initializeSSL OpenSSL a été initialisé avec succès [OpenSSL 3.5.0 8 Apr 2025]
01-Dec-2025 21:59:44.746 INFO [main] org.apache.coyote.AbstractProtocol.init Initialisation du gestionnaire de protocole ["http-nio-8091"]
01-Dec-2025 21:59:44.795 INFO [main] org.apache.catalina.startup.Catalina.load L'initialisation du serveur a pris [1325] millisecondes
01-Dec-2025 21:59:44.931 INFO [main] org.apache.catalina.core.StandardService.startInternal Démarrage du service [Catalina]
01-Dec-2025 21:59:44.931 INFO [main] org.apache.catalina.core.StandardEngine.startInternal Démarrage du moteur de Servlets : [Apache Tomcat/10.1.48]
01-Dec-2025 21:59:44.962 INFO [main] org.apache.catalina.startup.HostConfig.deployDescriptor Déploiement du descripteur de configuration [D:\iit\java_avancé\servlet\servlet-jsp-gr3\conf\Catalina\localhost\servlet-jsp-gr3.xml]
01-Dec-2025 21:59:47.012 INFO [main] org.apache.jasper.servlet.TldScanner.scanJars Au moins un fichier JAR a été analysé pour trouver des TLDs mais il n'en contenait pas, le mode "debug" du journal peut être activé pour obtenir une liste complète de JAR scannés sans succès ; éviter d'analyser des JARs inutilement peut améliorer sensiblement le temps de démarrage et le temps de compilation des JSPs
01-Dec-2025 21:59:47.226 INFO [main] org.apache.catalina.startup.HostConfig.deployDescriptor Le traitement du descripteur de déploiement [D:\iit\java_avancé\servlet\servlet-jsp-gr3\conf\Catalina\localhost\servlet-jsp-gr3.xml] a pris [2 257] ms
01-Dec-2025 21:59:47.239 INFO [main] org.apache.coyote.AbstractProtocol.start Démarrage du gestionnaire de protocole ["http-nio-8091"]
01-Dec-2025 21:59:47.316 INFO [main] org.apache.catalina.startup.Catalina.start Le démarrage du serveur a pris [2520] millisecondes
01-Dec-2025 22:01:06.168 INFO [Thread-1] org.apache.coyote.AbstractProtocol.pause Le gestionnaire de protocole ["http-nio-8091"] est mis en pause
01-Dec-2025 22:01:06.325 INFO [Thread-1] org.apache.catalina.core.StandardService.stopInternal Arrêt du service [Catalina]
01-Dec-2025 22:01:06.346 INFO [Thread-1] org.apache.coyote.AbstractProtocol.stop Arrêt du gestionnaire de protocole ["http-nio-8091"]
01-Dec-2025 22:01:06.366 INFO [Thread-1] org.apache.coyote.AbstractProtocol.destroy Destruction du gestionnaire de protocole ["http-nio-8091"]
01-Dec-2025 22:01:15.491 INFO [main] org.apache.catalina.startup.VersionLoggerListener.log Nom version serveur :              Apache Tomcat/10.1.48
01-Dec-2025 22:01:15.500 INFO [main] org.apache.catalina.startup.VersionLoggerListener.log Serveur compilé :                  Oct 10 2025 14:33:56 UTC
01-Dec-2025 22:01:15.500 INFO [main] org.apache.catalina.startup.VersionLoggerListener.log Version du serveur :               10.1.48.0
01-Dec-2025 22:01:15.500 INFO [main] org.apache.catalina.startup.VersionLoggerListener.log Nom de l'OS :                      Windows 10
01-Dec-2025 22:01:15.501 INFO [main] org.apache.catalina.startup.VersionLoggerListener.log Version OS :                       10.0
01-Dec-2025 22:01:15.501 INFO [main] org.apache.catalina.startup.VersionLoggerListener.log Architecture :                     amd64
01-Dec-2025 22:01:15.501 INFO [main] org.apache.catalina.startup.VersionLoggerListener.log Java Home :                        C:\Program Files\Java\jdk-17
01-Dec-2025 22:01:15.501 INFO [main] org.apache.catalina.startup.VersionLoggerListener.log Version JVM :                      17.0.8+9-LTS-211
01-Dec-2025 22:01:15.501 INFO [main] org.apache.catalina.startup.VersionLoggerListener.log Fournisseur de la JVM :            Oracle Corporation
01-Dec-2025 22:01:15.501 INFO [main] org.apache.catalina.startup.VersionLoggerListener.log CATALINA_BASE :                    D:\iit\java_avancé\servlet\servlet-jsp-gr3
01-Dec-2025 22:01:15.501 INFO [main] org.apache.catalina.startup.VersionLoggerListener.log CATALINA_HOME :                    D:\iit\java_avancé\servlet\apache-tomcat-10.1.48
01-Dec-2025 22:01:15.521 INFO [main] org.apache.catalina.startup.VersionLoggerListener.log Argument de la ligne de commande : --add-opens=java.base/java.lang=ALL-UNNAMED
01-Dec-2025 22:01:15.521 INFO [main] org.apache.catalina.startup.VersionLoggerListener.log Argument de la ligne de commande : --add-opens=java.base/java.io=ALL-UNNAMED
01-Dec-2025 22:01:15.522 INFO [main] org.apache.catalina.startup.VersionLoggerListener.log Argument de la ligne de commande : --add-opens=java.base/java.util=ALL-UNNAMED
01-Dec-2025 22:01:15.522 INFO [main] org.apache.catalina.startup.VersionLoggerListener.log Argument de la ligne de commande : --add-opens=java.base/java.util.concurrent=ALL-UNNAMED
01-Dec-2025 22:01:15.523 INFO [main] org.apache.catalina.startup.VersionLoggerListener.log Argument de la ligne de commande : --add-opens=java.rmi/sun.rmi.transport=ALL-UNNAMED
01-Dec-2025 22:01:15.523 INFO [main] org.apache.catalina.startup.VersionLoggerListener.log Argument de la ligne de commande : -Dcatalina.home=D:\iit\java_avancé\servlet\apache-tomcat-10.1.48
01-Dec-2025 22:01:15.523 INFO [main] org.apache.catalina.startup.VersionLoggerListener.log Argument de la ligne de commande : -Dcatalina.base=D:\iit\java_avancé\servlet\servlet-jsp-gr3
01-Dec-2025 22:01:15.524 INFO [main] org.apache.catalina.startup.VersionLoggerListener.log Argument de la ligne de commande : -Djava.io.tmpdir=D:\iit\java_avancé\servlet\servlet-jsp-gr3\temp
01-Dec-2025 22:01:15.524 INFO [main] org.apache.catalina.startup.VersionLoggerListener.log Argument de la ligne de commande : -Djava.util.logging.config.file=D:\iit\java_avancé\servlet\servlet-jsp-gr3\conf\logging.properties
01-Dec-2025 22:01:15.524 INFO [main] org.apache.catalina.startup.VersionLoggerListener.log Argument de la ligne de commande : -Djava.util.logging.manager=org.apache.juli.ClassLoaderLogManager
01-Dec-2025 22:01:15.525 INFO [main] org.apache.catalina.startup.VersionLoggerListener.log Argument de la ligne de commande : -javaagent:D:\dev\soa\Edi\IntelliJ IDEA Community Edition 2023.2\lib\idea_rt.jar=62192:D:\dev\soa\Edi\IntelliJ IDEA Community Edition 2023.2\bin
01-Dec-2025 22:01:15.525 INFO [main] org.apache.catalina.startup.VersionLoggerListener.log Argument de la ligne de commande : -Dfile.encoding=UTF-8
01-Dec-2025 22:01:15.598 INFO [main] org.apache.catalina.core.AprLifecycleListener.lifecycleEvent Chargement de la librairie Apache Tomcat Native [2.0.9] en utilisant APR version [1.7.6]
01-Dec-2025 22:01:15.607 INFO [main] org.apache.catalina.core.AprLifecycleListener.initializeSSL OpenSSL a été initialisé avec succès [OpenSSL 3.5.0 8 Apr 2025]
01-Dec-2025 22:01:16.100 INFO [main] org.apache.coyote.AbstractProtocol.init Initialisation du gestionnaire de protocole ["http-nio-8091"]
01-Dec-2025 22:01:16.133 INFO [main] org.apache.catalina.startup.Catalina.load L'initialisation du serveur a pris [1037] millisecondes
01-Dec-2025 22:01:16.246 INFO [main] org.apache.catalina.core.StandardService.startInternal Démarrage du service [Catalina]
01-Dec-2025 22:01:16.246 INFO [main] org.apache.catalina.core.StandardEngine.startInternal Démarrage du moteur de Servlets : [Apache Tomcat/10.1.48]
01-Dec-2025 22:01:16.266 INFO [main] org.apache.catalina.startup.HostConfig.deployDescriptor Déploiement du descripteur de configuration [D:\iit\java_avancé\servlet\servlet-jsp-gr3\conf\Catalina\localhost\servlet-jsp-gr3.xml]
01-Dec-2025 22:01:17.767 INFO [main] org.apache.jasper.servlet.TldScanner.scanJars Au moins un fichier JAR a été analysé pour trouver des TLDs mais il n'en contenait pas, le mode "debug" du journal peut être activé pour obtenir une liste complète de JAR scannés sans succès ; éviter d'analyser des JARs inutilement peut améliorer sensiblement le temps de démarrage et le temps de compilation des JSPs
01-Dec-2025 22:01:17.974 INFO [main] org.apache.catalina.startup.HostConfig.deployDescriptor Le traitement du descripteur de déploiement [D:\iit\java_avancé\servlet\servlet-jsp-gr3\conf\Catalina\localhost\servlet-jsp-gr3.xml] a pris [1 704] ms
01-Dec-2025 22:01:17.985 INFO [main] org.apache.coyote.AbstractProtocol.start Démarrage du gestionnaire de protocole ["http-nio-8091"]
01-Dec-2025 22:01:18.056 INFO [main] org.apache.catalina.startup.Catalina.start Le démarrage du serveur a pris [1921] millisecondes
01-Dec-2025 22:06:36.849 INFO [Thread-1] org.apache.coyote.AbstractProtocol.pause Le gestionnaire de protocole ["http-nio-8091"] est mis en pause
01-Dec-2025 22:06:37.052 INFO [Thread-1] org.apache.catalina.core.StandardService.stopInternal Arrêt du service [Catalina]
01-Dec-2025 22:06:37.067 INFO [Thread-1] org.apache.coyote.AbstractProtocol.stop Arrêt du gestionnaire de protocole ["http-nio-8091"]
01-Dec-2025 22:06:37.081 INFO [Thread-1] org.apache.coyote.AbstractProtocol.destroy Destruction du gestionnaire de protocole ["http-nio-8091"]
01-Dec-2025 22:06:43.305 INFO [main] org.apache.catalina.startup.VersionLoggerListener.log Nom version serveur :              Apache Tomcat/10.1.48
01-Dec-2025 22:06:43.316 INFO [main] org.apache.catalina.startup.VersionLoggerListener.log Serveur compilé :                  Oct 10 2025 14:33:56 UTC
01-Dec-2025 22:06:43.317 INFO [main] org.apache.catalina.startup.VersionLoggerListener.log Version du serveur :               10.1.48.0
01-Dec-2025 22:06:43.317 INFO [main] org.apache.catalina.startup.VersionLoggerListener.log Nom de l'OS :                      Windows 10
01-Dec-2025 22:06:43.317 INFO [main] org.apache.catalina.startup.VersionLoggerListener.log Version OS :                       10.0
01-Dec-2025 22:06:43.318 INFO [main] org.apache.catalina.startup.VersionLoggerListener.log Architecture :                     amd64
01-Dec-2025 22:06:43.318 INFO [main] org.apache.catalina.startup.VersionLoggerListener.log Java Home :                        C:\Program Files\Java\jdk-17
01-Dec-2025 22:06:43.319 INFO [main] org.apache.catalina.startup.VersionLoggerListener.log Version JVM :                      17.0.8+9-LTS-211
01-Dec-2025 22:06:43.319 INFO [main] org.apache.catalina.startup.VersionLoggerListener.log Fournisseur de la JVM :            Oracle Corporation
01-Dec-2025 22:06:43.320 INFO [main] org.apache.catalina.startup.VersionLoggerListener.log CATALINA_BASE :                    D:\iit\java_avancé\servlet\servlet-jsp-gr3
01-Dec-2025 22:06:43.320 INFO [main] org.apache.catalina.startup.VersionLoggerListener.log CATALINA_HOME :                    D:\iit\java_avancé\servlet\apache-tomcat-10.1.48
01-Dec-2025 22:06:43.337 INFO [main] org.apache.catalina.startup.VersionLoggerListener.log Argument de la ligne de commande : --add-opens=java.base/java.lang=ALL-UNNAMED
01-Dec-2025 22:06:43.337 INFO [main] org.apache.catalina.startup.VersionLoggerListener.log Argument de la ligne de commande : --add-opens=java.base/java.io=ALL-UNNAMED
01-Dec-2025 22:06:43.337 INFO [main] org.apache.catalina.startup.VersionLoggerListener.log Argument de la ligne de commande : --add-opens=java.base/java.util=ALL-UNNAMED
01-Dec-2025 22:06:43.338 INFO [main] org.apache.catalina.startup.VersionLoggerListener.log Argument de la ligne de commande : --add-opens=java.base/java.util.concurrent=ALL-UNNAMED
01-Dec-2025 22:06:43.338 INFO [main] org.apache.catalina.startup.VersionLoggerListener.log Argument de la ligne de commande : --add-opens=java.rmi/sun.rmi.transport=ALL-UNNAMED
01-Dec-2025 22:06:43.338 INFO [main] org.apache.catalina.startup.VersionLoggerListener.log Argument de la ligne de commande : -Dcatalina.home=D:\iit\java_avancé\servlet\apache-tomcat-10.1.48
01-Dec-2025 22:06:43.339 INFO [main] org.apache.catalina.startup.VersionLoggerListener.log Argument de la ligne de commande : -Dcatalina.base=D:\iit\java_avancé\servlet\servlet-jsp-gr3
01-Dec-2025 22:06:43.339 INFO [main] org.apache.catalina.startup.VersionLoggerListener.log Argument de la ligne de commande : -Djava.io.tmpdir=D:\iit\java_avancé\servlet\servlet-jsp-gr3\temp
01-Dec-2025 22:06:43.339 INFO [main] org.apache.catalina.startup.VersionLoggerListener.log Argument de la ligne de commande : -Djava.util.logging.config.file=D:\iit\java_avancé\servlet\servlet-jsp-gr3\conf\logging.properties
01-Dec-2025 22:06:43.339 INFO [main] org.apache.catalina.startup.VersionLoggerListener.log Argument de la ligne de commande : -Djava.util.logging.manager=org.apache.juli.ClassLoaderLogManager
01-Dec-2025 22:06:43.339 INFO [main] org.apache.catalina.startup.VersionLoggerListener.log Argument de la ligne de commande : -javaagent:D:\dev\soa\Edi\IntelliJ IDEA Community Edition 2023.2\lib\idea_rt.jar=62222:D:\dev\soa\Edi\IntelliJ IDEA Community Edition 2023.2\bin
01-Dec-2025 22:06:43.340 INFO [main] org.apache.catalina.startup.VersionLoggerListener.log Argument de la ligne de commande : -Dfile.encoding=UTF-8
01-Dec-2025 22:06:43.344 INFO [main] org.apache.catalina.core.AprLifecycleListener.lifecycleEvent Chargement de la librairie Apache Tomcat Native [2.0.9] en utilisant APR version [1.7.6]
01-Dec-2025 22:06:43.355 INFO [main] org.apache.catalina.core.AprLifecycleListener.initializeSSL OpenSSL a été initialisé avec succès [OpenSSL 3.5.0 8 Apr 2025]
01-Dec-2025 22:06:43.869 INFO [main] org.apache.coyote.AbstractProtocol.init Initialisation du gestionnaire de protocole ["http-nio-8091"]
01-Dec-2025 22:06:43.902 INFO [main] org.apache.catalina.startup.Catalina.load L'initialisation du serveur a pris [1025] millisecondes
01-Dec-2025 22:06:44.006 INFO [main] org.apache.catalina.core.StandardService.startInternal Démarrage du service [Catalina]
01-Dec-2025 22:06:44.007 INFO [main] org.apache.catalina.core.StandardEngine.startInternal Démarrage du moteur de Servlets : [Apache Tomcat/10.1.48]
01-Dec-2025 22:06:44.025 INFO [main] org.apache.catalina.startup.HostConfig.deployDescriptor Déploiement du descripteur de configuration [D:\iit\java_avancé\servlet\servlet-jsp-gr3\conf\Catalina\localhost\servlet-jsp-gr3.xml]
01-Dec-2025 22:06:45.291 INFO [main] org.apache.jasper.servlet.TldScanner.scanJars Au moins un fichier JAR a été analysé pour trouver des TLDs mais il n'en contenait pas, le mode "debug" du journal peut être activé pour obtenir une liste complète de JAR scannés sans succès ; éviter d'analyser des JARs inutilement peut améliorer sensiblement le temps de démarrage et le temps de compilation des JSPs
01-Dec-2025 22:06:45.442 INFO [main] org.apache.catalina.startup.HostConfig.deployDescriptor Le traitement du descripteur de déploiement [D:\iit\java_avancé\servlet\servlet-jsp-gr3\conf\Catalina\localhost\servlet-jsp-gr3.xml] a pris [1 413] ms
01-Dec-2025 22:06:45.451 INFO [main] org.apache.coyote.AbstractProtocol.start Démarrage du gestionnaire de protocole ["http-nio-8091"]
01-Dec-2025 22:06:45.513 INFO [main] org.apache.catalina.startup.Catalina.start Le démarrage du serveur a pris [1611] millisecondes
01-Dec-2025 22:07:09.354 INFO [Thread-1] org.apache.coyote.AbstractProtocol.pause Le gestionnaire de protocole ["http-nio-8091"] est mis en pause
01-Dec-2025 22:07:09.574 INFO [Thread-1] org.apache.catalina.core.StandardService.stopInternal Arrêt du service [Catalina]
01-Dec-2025 22:07:09.601 INFO [Thread-1] org.apache.coyote.AbstractProtocol.stop Arrêt du gestionnaire de protocole ["http-nio-8091"]
01-Dec-2025 22:07:09.621 INFO [Thread-1] org.apache.coyote.AbstractProtocol.destroy Destruction du gestionnaire de protocole ["http-nio-8091"]
01-Dec-2025 22:07:15.925 INFO [main] org.apache.catalina.startup.VersionLoggerListener.log Nom version serveur :              Apache Tomcat/10.1.48
01-Dec-2025 22:07:15.937 INFO [main] org.apache.catalina.startup.VersionLoggerListener.log Serveur compilé :                  Oct 10 2025 14:33:56 UTC
01-Dec-2025 22:07:15.938 INFO [main] org.apache.catalina.startup.VersionLoggerListener.log Version du serveur :               10.1.48.0
01-Dec-2025 22:07:15.939 INFO [main] org.apache.catalina.startup.VersionLoggerListener.log Nom de l'OS :                      Windows 10
01-Dec-2025 22:07:15.939 INFO [main] org.apache.catalina.startup.VersionLoggerListener.log Version OS :                       10.0
01-Dec-2025 22:07:15.940 INFO [main] org.apache.catalina.startup.VersionLoggerListener.log Architecture :                     amd64
01-Dec-2025 22:07:15.940 INFO [main] org.apache.catalina.startup.VersionLoggerListener.log Java Home :                        C:\Program Files\Java\jdk-17
01-Dec-2025 22:07:15.940 INFO [main] org.apache.catalina.startup.VersionLoggerListener.log Version JVM :                      17.0.8+9-LTS-211
01-Dec-2025 22:07:15.941 INFO [main] org.apache.catalina.startup.VersionLoggerListener.log Fournisseur de la JVM :            Oracle Corporation
01-Dec-2025 22:07:15.941 INFO [main] org.apache.catalina.startup.VersionLoggerListener.log CATALINA_BASE :                    D:\iit\java_avancé\servlet\servlet-jsp-gr3
01-Dec-2025 22:07:15.941 INFO [main] org.apache.catalina.startup.VersionLoggerListener.log CATALINA_HOME :                    D:\iit\java_avancé\servlet\apache-tomcat-10.1.48
01-Dec-2025 22:07:15.966 INFO [main] org.apache.catalina.startup.VersionLoggerListener.log Argument de la ligne de commande : --add-opens=java.base/java.lang=ALL-UNNAMED
01-Dec-2025 22:07:15.966 INFO [main] org.apache.catalina.startup.VersionLoggerListener.log Argument de la ligne de commande : --add-opens=java.base/java.io=ALL-UNNAMED
01-Dec-2025 22:07:15.967 INFO [main] org.apache.catalina.startup.VersionLoggerListener.log Argument de la ligne de commande : --add-opens=java.base/java.util=ALL-UNNAMED
01-Dec-2025 22:07:15.967 INFO [main] org.apache.catalina.startup.VersionLoggerListener.log Argument de la ligne de commande : --add-opens=java.base/java.util.concurrent=ALL-UNNAMED
01-Dec-2025 22:07:15.967 INFO [main] org.apache.catalina.startup.VersionLoggerListener.log Argument de la ligne de commande : --add-opens=java.rmi/sun.rmi.transport=ALL-UNNAMED
01-Dec-2025 22:07:15.968 INFO [main] org.apache.catalina.startup.VersionLoggerListener.log Argument de la ligne de commande : -Dcatalina.home=D:\iit\java_avancé\servlet\apache-tomcat-10.1.48
01-Dec-2025 22:07:15.968 INFO [main] org.apache.catalina.startup.VersionLoggerListener.log Argument de la ligne de commande : -Dcatalina.base=D:\iit\java_avancé\servlet\servlet-jsp-gr3
01-Dec-2025 22:07:15.968 INFO [main] org.apache.catalina.startup.VersionLoggerListener.log Argument de la ligne de commande : -Djava.io.tmpdir=D:\iit\java_avancé\servlet\servlet-jsp-gr3\temp
01-Dec-2025 22:07:15.968 INFO [main] org.apache.catalina.startup.VersionLoggerListener.log Argument de la ligne de commande : -Djava.util.logging.config.file=D:\iit\java_avancé\servlet\servlet-jsp-gr3\conf\logging.properties
01-Dec-2025 22:07:15.969 INFO [main] org.apache.catalina.startup.VersionLoggerListener.log Argument de la ligne de commande : -Djava.util.logging.manager=org.apache.juli.ClassLoaderLogManager
01-Dec-2025 22:07:15.969 INFO [main] org.apache.catalina.startup.VersionLoggerListener.log Argument de la ligne de commande : -javaagent:D:\dev\soa\Edi\IntelliJ IDEA Community Edition 2023.2\lib\idea_rt.jar=62232:D:\dev\soa\Edi\IntelliJ IDEA Community Edition 2023.2\bin
01-Dec-2025 22:07:15.969 INFO [main] org.apache.catalina.startup.VersionLoggerListener.log Argument de la ligne de commande : -Dfile.encoding=UTF-8
01-Dec-2025 22:07:15.974 INFO [main] org.apache.catalina.core.AprLifecycleListener.lifecycleEvent Chargement de la librairie Apache Tomcat Native [2.0.9] en utilisant APR version [1.7.6]
01-Dec-2025 22:07:15.989 INFO [main] org.apache.catalina.core.AprLifecycleListener.initializeSSL OpenSSL a été initialisé avec succès [OpenSSL 3.5.0 8 Apr 2025]
01-Dec-2025 22:07:16.438 INFO [main] org.apache.coyote.AbstractProtocol.init Initialisation du gestionnaire de protocole ["http-nio-8091"]
01-Dec-2025 22:07:16.477 INFO [main] org.apache.catalina.startup.Catalina.load L'initialisation du serveur a pris [997] millisecondes
01-Dec-2025 22:07:16.580 INFO [main] org.apache.catalina.core.StandardService.startInternal Démarrage du service [Catalina]
01-Dec-2025 22:07:16.581 INFO [main] org.apache.catalina.core.StandardEngine.startInternal Démarrage du moteur de Servlets : [Apache Tomcat/10.1.48]
01-Dec-2025 22:07:16.602 INFO [main] org.apache.catalina.startup.HostConfig.deployDescriptor Déploiement du descripteur de configuration [D:\iit\java_avancé\servlet\servlet-jsp-gr3\conf\Catalina\localhost\servlet-jsp-gr3.xml]
01-Dec-2025 22:07:17.966 INFO [main] org.apache.jasper.servlet.TldScanner.scanJars Au moins un fichier JAR a été analysé pour trouver des TLDs mais il n'en contenait pas, le mode "debug" du journal peut être activé pour obtenir une liste complète de JAR scannés sans succès ; éviter d'analyser des JARs inutilement peut améliorer sensiblement le temps de démarrage et le temps de compilation des JSPs
01-Dec-2025 22:07:18.145 INFO [main] org.apache.catalina.startup.HostConfig.deployDescriptor Le traitement du descripteur de déploiement [D:\iit\java_avancé\servlet\servlet-jsp-gr3\conf\Catalina\localhost\servlet-jsp-gr3.xml] a pris [1 541] ms
01-Dec-2025 22:07:18.152 INFO [main] org.apache.coyote.AbstractProtocol.start Démarrage du gestionnaire de protocole ["http-nio-8091"]
01-Dec-2025 22:07:18.200 INFO [main] org.apache.catalina.startup.Catalina.start Le démarrage du serveur a pris [1722] millisecondes
01-Dec-2025 22:07:59.303 INFO [Thread-1] org.apache.coyote.AbstractProtocol.pause Le gestionnaire de protocole ["http-nio-8091"] est mis en pause
01-Dec-2025 22:07:59.480 INFO [Thread-1] org.apache.catalina.core.StandardService.stopInternal Arrêt du service [Catalina]
01-Dec-2025 22:07:59.493 INFO [Thread-1] org.apache.coyote.AbstractProtocol.stop Arrêt du gestionnaire de protocole ["http-nio-8091"]
01-Dec-2025 22:07:59.513 INFO [Thread-1] org.apache.coyote.AbstractProtocol.destroy Destruction du gestionnaire de protocole ["http-nio-8091"]
