06-Dec-2025 23:09:14.507 INFO [main] org.apache.catalina.startup.VersionLoggerListener.log Nom version serveur :              Apache Tomcat/10.1.48
06-Dec-2025 23:09:14.519 INFO [main] org.apache.catalina.startup.VersionLoggerListener.log Serveur compilé :                  Oct 10 2025 14:33:56 UTC
06-Dec-2025 23:09:14.519 INFO [main] org.apache.catalina.startup.VersionLoggerListener.log Version du serveur :               10.1.48.0
06-Dec-2025 23:09:14.519 INFO [main] org.apache.catalina.startup.VersionLoggerListener.log Nom de l'OS :                      Windows 10
06-Dec-2025 23:09:14.519 INFO [main] org.apache.catalina.startup.VersionLoggerListener.log Version OS :                       10.0
06-Dec-2025 23:09:14.520 INFO [main] org.apache.catalina.startup.VersionLoggerListener.log Architecture :                     amd64
06-Dec-2025 23:09:14.520 INFO [main] org.apache.catalina.startup.VersionLoggerListener.log Java Home :                        C:\Program Files\Java\jdk-17
06-Dec-2025 23:09:14.520 INFO [main] org.apache.catalina.startup.VersionLoggerListener.log Version JVM :                      17.0.8+9-LTS-211
06-Dec-2025 23:09:14.520 INFO [main] org.apache.catalina.startup.VersionLoggerListener.log Fournisseur de la JVM :            Oracle Corporation
06-Dec-2025 23:09:14.520 INFO [main] org.apache.catalina.startup.VersionLoggerListener.log CATALINA_BASE :                    D:\iit\java_avancé\servlet\servlet-jsp-gr3
06-Dec-2025 23:09:14.521 INFO [main] org.apache.catalina.startup.VersionLoggerListener.log CATALINA_HOME :                    D:\iit\java_avancé\servlet\apache-tomcat-10.1.48
06-Dec-2025 23:09:14.554 INFO [main] org.apache.catalina.startup.VersionLoggerListener.log Argument de la ligne de commande : --add-opens=java.base/java.lang=ALL-UNNAMED
06-Dec-2025 23:09:14.555 INFO [main] org.apache.catalina.startup.VersionLoggerListener.log Argument de la ligne de commande : --add-opens=java.base/java.io=ALL-UNNAMED
06-Dec-2025 23:09:14.555 INFO [main] org.apache.catalina.startup.VersionLoggerListener.log Argument de la ligne de commande : --add-opens=java.base/java.util=ALL-UNNAMED
06-Dec-2025 23:09:14.555 INFO [main] org.apache.catalina.startup.VersionLoggerListener.log Argument de la ligne de commande : --add-opens=java.base/java.util.concurrent=ALL-UNNAMED
06-Dec-2025 23:09:14.556 INFO [main] org.apache.catalina.startup.VersionLoggerListener.log Argument de la ligne de commande : --add-opens=java.rmi/sun.rmi.transport=ALL-UNNAMED
06-Dec-2025 23:09:14.556 INFO [main] org.apache.catalina.startup.VersionLoggerListener.log Argument de la ligne de commande : -Dcatalina.home=D:\iit\java_avancé\servlet\apache-tomcat-10.1.48
06-Dec-2025 23:09:14.556 INFO [main] org.apache.catalina.startup.VersionLoggerListener.log Argument de la ligne de commande : -Dcatalina.base=D:\iit\java_avancé\servlet\servlet-jsp-gr3
06-Dec-2025 23:09:14.556 INFO [main] org.apache.catalina.startup.VersionLoggerListener.log Argument de la ligne de commande : -Djava.io.tmpdir=D:\iit\java_avancé\servlet\servlet-jsp-gr3\temp
06-Dec-2025 23:09:14.557 INFO [main] org.apache.catalina.startup.VersionLoggerListener.log Argument de la ligne de commande : -Djava.util.logging.config.file=D:\iit\java_avancé\servlet\servlet-jsp-gr3\conf\logging.properties
06-Dec-2025 23:09:14.557 INFO [main] org.apache.catalina.startup.VersionLoggerListener.log Argument de la ligne de commande : -Djava.util.logging.manager=org.apache.juli.ClassLoaderLogManager
06-Dec-2025 23:09:14.557 INFO [main] org.apache.catalina.startup.VersionLoggerListener.log Argument de la ligne de commande : -javaagent:D:\dev\soa\Edi\IntelliJ IDEA Community Edition 2023.2\lib\idea_rt.jar=51828:D:\dev\soa\Edi\IntelliJ IDEA Community Edition 2023.2\bin
06-Dec-2025 23:09:14.557 INFO [main] org.apache.catalina.startup.VersionLoggerListener.log Argument de la ligne de commande : -Dfile.encoding=UTF-8
06-Dec-2025 23:09:14.643 INFO [main] org.apache.catalina.core.AprLifecycleListener.lifecycleEvent Chargement de la librairie Apache Tomcat Native [2.0.9] en utilisant APR version [1.7.6]
06-Dec-2025 23:09:14.671 INFO [main] org.apache.catalina.core.AprLifecycleListener.initializeSSL OpenSSL a été initialisé avec succès [OpenSSL 3.5.0 8 Apr 2025]
06-Dec-2025 23:09:15.192 INFO [main] org.apache.coyote.AbstractProtocol.init Initialisation du gestionnaire de protocole ["http-nio-8091"]
06-Dec-2025 23:09:15.231 INFO [main] org.apache.catalina.startup.Catalina.load L'initialisation du serveur a pris [1220] millisecondes
06-Dec-2025 23:09:15.338 INFO [main] org.apache.catalina.core.StandardService.startInternal Démarrage du service [Catalina]
06-Dec-2025 23:09:15.339 INFO [main] org.apache.catalina.core.StandardEngine.startInternal Démarrage du moteur de Servlets : [Apache Tomcat/10.1.48]
06-Dec-2025 23:09:15.363 INFO [main] org.apache.catalina.startup.HostConfig.deployDescriptor Déploiement du descripteur de configuration [D:\iit\java_avancé\servlet\servlet-jsp-gr3\conf\Catalina\localhost\servlet-jsp-gr3.xml]
06-Dec-2025 23:09:17.448 INFO [main] org.apache.jasper.servlet.TldScanner.scanJars Au moins un fichier JAR a été analysé pour trouver des TLDs mais il n'en contenait pas, le mode "debug" du journal peut être activé pour obtenir une liste complète de JAR scannés sans succès ; éviter d'analyser des JARs inutilement peut améliorer sensiblement le temps de démarrage et le temps de compilation des JSPs
06-Dec-2025 23:09:17.681 INFO [main] org.apache.catalina.startup.HostConfig.deployDescriptor Le traitement du descripteur de déploiement [D:\iit\java_avancé\servlet\servlet-jsp-gr3\conf\Catalina\localhost\servlet-jsp-gr3.xml] a pris [2 313] ms
06-Dec-2025 23:09:17.692 INFO [main] org.apache.coyote.AbstractProtocol.start Démarrage du gestionnaire de protocole ["http-nio-8091"]
06-Dec-2025 23:09:17.763 INFO [main] org.apache.catalina.startup.Catalina.start Le démarrage du serveur a pris [2532] millisecondes
06-Dec-2025 23:23:04.623 INFO [Thread-1] org.apache.coyote.AbstractProtocol.pause Le gestionnaire de protocole ["http-nio-8091"] est mis en pause
06-Dec-2025 23:23:04.816 INFO [Thread-1] org.apache.catalina.core.StandardService.stopInternal Arrêt du service [Catalina]
06-Dec-2025 23:23:04.831 INFO [Thread-1] org.apache.coyote.AbstractProtocol.stop Arrêt du gestionnaire de protocole ["http-nio-8091"]
06-Dec-2025 23:23:04.851 INFO [Thread-1] org.apache.coyote.AbstractProtocol.destroy Destruction du gestionnaire de protocole ["http-nio-8091"]
